android/app/build/intermediates/manifest_merge_blame_file/release/manifest-merger-blame-release-report.txt
1<?xml version="1.0" encoding="utf-8"?>
2<manifest xmlns:android="http://schemas.android.com/apk/res/android"
3    package="com.communityapp"
4    android:versionCode="1"
5    android:versionName="1.0" >
6
7    <uses-sdk
8        android:minSdkVersion="21"
8-->src/main/AndroidManifest.xml
9        android:targetSdkVersion="33" />
9-->src/main/AndroidManifest.xml
10
11    <uses-permission android:name="android.permission.INTERNET" />
11-->src/main/AndroidManifest.xml:3:5-67
11-->src/main/AndroidManifest.xml:3:22-64
12    <!-- Required by older versions of Google Play services to create IID tokens -->
13    <uses-permission android:name="com.google.android.c2dm.permission.RECEIVE" />
13-->[com.google.android.gms:play-services-iid:17.0.0] AndroidManifest.xml:23:5-82
13-->[com.google.android.gms:play-services-iid:17.0.0] AndroidManifest.xml:23:22-79
14    <uses-permission android:name="com.google.android.finsky.permission.BIND_GET_INSTALL_REFERRER_SERVICE" />
14-->[com.android.installreferrer:installreferrer:1.1.2] AndroidManifest.xml:9:5-110
14-->[com.android.installreferrer:installreferrer:1.1.2] AndroidManifest.xml:9:22-107
15
16    <application
16-->src/main/AndroidManifest.xml:5:5-24:19
17        android:name="com.communityapp.MainApplication"
17-->src/main/AndroidManifest.xml:6:7-38
18        android:allowBackup="false"
18-->src/main/AndroidManifest.xml:10:7-34
19        android:appComponentFactory="androidx.core.app.CoreComponentFactory"
19-->[androidx.core:core:1.7.0] AndroidManifest.xml:24:18-86
20        android:icon="@mipmap/ic_launcher"
20-->src/main/AndroidManifest.xml:8:7-41
21        android:label="@string/app_name"
21-->src/main/AndroidManifest.xml:7:7-39
22        android:roundIcon="@mipmap/ic_launcher_round"
22-->src/main/AndroidManifest.xml:9:7-52
23        android:theme="@style/AppTheme" >
23-->src/main/AndroidManifest.xml:11:7-38
24        <activity
24-->src/main/AndroidManifest.xml:12:7-23:18
25            android:name="com.communityapp.MainActivity"
25-->src/main/AndroidManifest.xml:13:9-37
26            android:configChanges="keyboard|keyboardHidden|orientation|screenLayout|screenSize|smallestScreenSize|uiMode"
26-->src/main/AndroidManifest.xml:15:9-118
27            android:exported="true"
27-->src/main/AndroidManifest.xml:18:9-32
28            android:label="@string/app_name"
28-->src/main/AndroidManifest.xml:14:9-41
29            android:launchMode="singleTask"
29-->src/main/AndroidManifest.xml:16:9-40
30            android:windowSoftInputMode="adjustResize" >
30-->src/main/AndroidManifest.xml:17:9-51
31            <intent-filter>
31-->src/main/AndroidManifest.xml:19:9-22:25
32                <action android:name="android.intent.action.MAIN" />
32-->src/main/AndroidManifest.xml:20:13-65
32-->src/main/AndroidManifest.xml:20:21-62
33
34                <category android:name="android.intent.category.LAUNCHER" />
34-->src/main/AndroidManifest.xml:21:13-73
34-->src/main/AndroidManifest.xml:21:23-70
35            </intent-filter>
36        </activity>
37
38        <provider
38-->[:react-native-image-picker] AndroidManifest.xml:8:9-16:20
39            android:name="com.imagepicker.ImagePickerProvider"
39-->[:react-native-image-picker] AndroidManifest.xml:9:13-63
40            android:authorities="com.communityapp.imagepickerprovider"
40-->[:react-native-image-picker] AndroidManifest.xml:10:13-71
41            android:exported="false"
41-->[:react-native-image-picker] AndroidManifest.xml:11:13-37
42            android:grantUriPermissions="true" >
42-->[:react-native-image-picker] AndroidManifest.xml:12:13-47
43            <meta-data
43-->[:react-native-image-picker] AndroidManifest.xml:13:13-15:70
44                android:name="android.support.FILE_PROVIDER_PATHS"
44-->[:react-native-image-picker] AndroidManifest.xml:14:17-67
45                android:resource="@xml/imagepicker_provider_paths" />
45-->[:react-native-image-picker] AndroidManifest.xml:15:17-67
46        </provider>
47
48        <activity
48-->[com.google.android.gms:play-services-base:17.0.0] AndroidManifest.xml:23:9-26:75
49            android:name="com.google.android.gms.common.api.GoogleApiActivity"
49-->[com.google.android.gms:play-services-base:17.0.0] AndroidManifest.xml:24:13-79
50            android:exported="false"
50-->[com.google.android.gms:play-services-base:17.0.0] AndroidManifest.xml:25:13-37
51            android:theme="@android:style/Theme.Translucent.NoTitleBar" />
51-->[com.google.android.gms:play-services-base:17.0.0] AndroidManifest.xml:26:13-72
52
53        <meta-data
53-->[com.google.android.gms:play-services-basement:17.0.0] AndroidManifest.xml:23:9-25:69
54            android:name="com.google.android.gms.version"
54-->[com.google.android.gms:play-services-basement:17.0.0] AndroidManifest.xml:24:13-58
55            android:value="@integer/google_play_services_version" />
55-->[com.google.android.gms:play-services-basement:17.0.0] AndroidManifest.xml:25:13-66
56
57        <provider
57-->[androidx.emoji2:emoji2:1.0.0] AndroidManifest.xml:26:9-34:20
58            android:name="androidx.startup.InitializationProvider"
58-->[androidx.emoji2:emoji2:1.0.0] AndroidManifest.xml:27:13-67
59            android:authorities="com.communityapp.androidx-startup"
59-->[androidx.emoji2:emoji2:1.0.0] AndroidManifest.xml:28:13-68
60            android:exported="false" >
60-->[androidx.emoji2:emoji2:1.0.0] AndroidManifest.xml:29:13-37
61            <meta-data
61-->[androidx.emoji2:emoji2:1.0.0] AndroidManifest.xml:31:13-33:52
62                android:name="androidx.emoji2.text.EmojiCompatInitializer"
62-->[androidx.emoji2:emoji2:1.0.0] AndroidManifest.xml:32:17-75
63                android:value="androidx.startup" />
63-->[androidx.emoji2:emoji2:1.0.0] AndroidManifest.xml:33:17-49
64            <meta-data
64-->[androidx.lifecycle:lifecycle-process:2.4.0] AndroidManifest.xml:31:13-33:52
65                android:name="androidx.lifecycle.ProcessLifecycleInitializer"
65-->[androidx.lifecycle:lifecycle-process:2.4.0] AndroidManifest.xml:32:17-78
66                android:value="androidx.startup" />
66-->[androidx.lifecycle:lifecycle-process:2.4.0] AndroidManifest.xml:33:17-49
67        </provider>
68
69        <meta-data
69-->[com.facebook.soloader:soloader:0.10.5] AndroidManifest.xml:12:9-14:37
70            android:name="com.facebook.soloader.enabled"
70-->[com.facebook.soloader:soloader:0.10.5] AndroidManifest.xml:13:13-57
71            android:value="false" />
71-->[com.facebook.soloader:soloader:0.10.5] AndroidManifest.xml:14:13-34
72    </application>
73
74</manifest>